2020-07-06 19:44:56 INFO  Main:17 - Starting a crawl
2020-07-06 19:44:57 INFO  WebCrawler:121 - Depth: 1, Quantity pages: 1
2020-07-06 19:44:57 INFO  WebCrawler:121 - Depth: 2, Quantity pages: 2
2020-07-06 19:44:57 INFO  WebCrawler:121 - Depth: 2, Quantity pages: 3
2020-07-06 19:44:58 INFO  WebCrawler:121 - Depth: 2, Quantity pages: 4
2020-07-06 19:44:59 INFO  WebCrawler:121 - Depth: 2, Quantity pages: 5
2020-07-06 19:44:59 INFO  WebCrawler:121 - Depth: 2, Quantity pages: 6
2020-07-06 19:45:01 INFO  WebCrawler:121 - Depth: 2, Quantity pages: 7
2020-07-06 19:45:01 INFO  WebCrawler:121 - Depth: 2, Quantity pages: 8
2020-07-06 19:45:01 INFO  WebCrawler:121 - Depth: 2, Quantity pages: 9
2020-07-06 19:45:01 INFO  WebCrawler:121 - Depth: 2, Quantity pages: 10
2020-07-06 19:45:02 INFO  WebCrawler:121 - Depth: 2, Quantity pages: 11
2020-07-06 19:45:02 INFO  WebCrawler:121 - Depth: 2, Quantity pages: 12
2020-07-06 19:45:02 INFO  WebCrawler:121 - Depth: 2, Quantity pages: 13
2020-07-06 19:45:02 INFO  WebCrawler:121 - Depth: 2, Quantity pages: 14
2020-07-06 19:45:03 INFO  WebCrawler:121 - Depth: 2, Quantity pages: 15
2020-07-06 19:45:05 INFO  WebCrawler:121 - Depth: 2, Quantity pages: 16
2020-07-06 19:45:05 INFO  WebCrawler:121 - Depth: 2, Quantity pages: 17
2020-07-06 19:45:06 INFO  WebCrawler:121 - Depth: 2, Quantity pages: 18
2020-07-06 19:45:06 INFO  WebCrawler:121 - Depth: 2, Quantity pages: 19
2020-07-06 19:45:07 INFO  WebCrawler:121 - Depth: 2, Quantity pages: 20
2020-07-06 19:45:07 INFO  Main:21 - The crawl is complete
2020-07-06 19:45:07 INFO  CsvUtil:25 - File creation: allStatistic
2020-07-06 19:45:07 INFO  CsvUtil:35 - File created
2020-07-06 19:45:07 INFO  CsvUtil:37 - Recording allData to allStatistic
2020-07-06 19:45:07 INFO  CsvUtil:42 - The recording is completed
2020-07-06 19:45:07 INFO  CsvUtil:25 - File creation: sortStatistic
2020-07-06 19:45:07 INFO  CsvUtil:35 - File created
2020-07-06 19:45:07 INFO  CsvUtil:37 - Recording allData to sortStatistic
2020-07-06 19:45:07 INFO  CsvUtil:42 - The recording is completed
2020-07-06 19:45:07 INFO  Main:27 - Depth: 2
2020-07-06 19:45:07 INFO  Main:28 - Quantity page: 20
2020-07-06 19:45:07 INFO  Main:30 - Top hits: 10
2020-07-06 19:45:07 INFO  Main:183 - https://www.euronews.com/,8,17,2,0,0
2020-07-06 19:45:07 INFO  Main:183 - https://www.euronews.com,8,17,2,0,0
2020-07-06 19:45:07 INFO  Main:183 - https://www.euronews.com/news/international,6,14,2,0,0
2020-07-06 19:45:07 INFO  Main:183 - https://www.euronews.al/al,2,16,0,0,0
2020-07-06 19:45:07 INFO  Main:183 - https://www.euronews.com/european-affairs/european-news,5,11,0,0,0
2020-07-06 19:45:07 INFO  Main:183 - https://de.euronews.com,8,1,0,0,0
2020-07-06 19:45:07 INFO  Main:183 - https://gr.euronews.com,2,7,0,0,0
2020-07-06 19:45:07 INFO  Main:183 - https://fr.euronews.com,7,1,0,0,0
2020-07-06 19:45:07 INFO  Main:183 - https://it.euronews.com,7,0,1,0,0
2020-07-06 19:45:07 INFO  Main:183 - https://es.euronews.com,4,3,0,0,0
2020-07-06 19:45:07 INFO  Main:35 - Generalized data: 10
2020-07-06 19:45:08 INFO  Main:1510 - https://www.euronews.com/,74,107,10,0,0,191
2020-07-06 19:45:08 INFO  Main:1510 - Coronavirus - 74 hits
2020-07-06 19:45:08 INFO  Main:1510 - COVID-19 - 107 hits
2020-07-06 19:45:08 INFO  Main:1510 - Trump - 10 hits
2020-07-06 19:45:08 INFO  Main:1510 - Lukashenko - 0 hits
2020-07-06 19:45:08 INFO  Main:1510 - Belarus - 0 hits
2020-07-06 19:45:08 INFO  Main:1510 - Total - 191 hits
2020-07-06 19:46:49 INFO  Main:17 - Starting a crawl
2020-07-06 19:46:51 INFO  WebCrawler:121 - Depth: 1, Quantity pages: 1
2020-07-06 19:46:51 INFO  WebCrawler:121 - Depth: 2, Quantity pages: 2
2020-07-06 19:46:52 INFO  WebCrawler:121 - Depth: 2, Quantity pages: 3
2020-07-06 19:46:52 INFO  WebCrawler:121 - Depth: 2, Quantity pages: 4
2020-07-06 19:46:52 INFO  WebCrawler:121 - Depth: 2, Quantity pages: 5
2020-07-06 19:46:53 INFO  WebCrawler:121 - Depth: 2, Quantity pages: 6
2020-07-06 19:46:53 INFO  WebCrawler:121 - Depth: 2, Quantity pages: 7
2020-07-06 19:46:53 INFO  WebCrawler:121 - Depth: 2, Quantity pages: 8
2020-07-06 19:46:53 INFO  WebCrawler:121 - Depth: 2, Quantity pages: 9
2020-07-06 19:46:55 INFO  WebCrawler:121 - Depth: 2, Quantity pages: 10
2020-07-06 19:46:59 INFO  WebCrawler:121 - Depth: 2, Quantity pages: 11
2020-07-06 19:46:59 INFO  WebCrawler:121 - Depth: 2, Quantity pages: 12
2020-07-06 19:46:59 INFO  WebCrawler:121 - Depth: 2, Quantity pages: 13
2020-07-06 19:47:00 INFO  WebCrawler:121 - Depth: 2, Quantity pages: 14
2020-07-06 19:47:00 INFO  WebCrawler:121 - Depth: 2, Quantity pages: 15
2020-07-06 19:47:00 INFO  WebCrawler:121 - Depth: 2, Quantity pages: 16
2020-07-06 19:47:01 INFO  WebCrawler:121 - Depth: 2, Quantity pages: 17
2020-07-06 19:47:01 INFO  WebCrawler:121 - Depth: 2, Quantity pages: 18
2020-07-06 19:47:01 INFO  WebCrawler:121 - Depth: 2, Quantity pages: 19
2020-07-06 19:47:01 INFO  WebCrawler:121 - Depth: 2, Quantity pages: 20
2020-07-06 19:47:01 INFO  Main:21 - The crawl is complete
2020-07-06 19:47:01 INFO  CsvUtil:25 - File creation: allStatistic
2020-07-06 19:47:01 INFO  CsvUtil:35 - File created
2020-07-06 19:47:01 INFO  CsvUtil:37 - Recording allData to allStatistic.csv
2020-07-06 19:47:01 INFO  CsvUtil:42 - The recording is completed
2020-07-06 19:47:01 INFO  CsvUtil:25 - File creation: sortStatistic
2020-07-06 19:47:01 INFO  CsvUtil:35 - File created
2020-07-06 19:47:01 INFO  CsvUtil:37 - Recording allData to sortStatistic.csv
2020-07-06 19:47:01 INFO  CsvUtil:42 - The recording is completed
2020-07-06 19:47:01 INFO  Main:27 - Depth: 2
2020-07-06 19:47:01 INFO  Main:28 - Quantity page: 20
2020-07-06 19:47:01 INFO  Main:30 - Top hits: 10
2020-07-06 19:47:01 INFO  Main:183 - https://www.euronews.com/,8,17,2,0,0
2020-07-06 19:47:01 INFO  Main:183 - https://www.euronews.com,8,17,2,0,0
2020-07-06 19:47:01 INFO  Main:183 - https://www.euronews.com/news/international,6,14,2,0,0
2020-07-06 19:47:01 INFO  Main:183 - https://www.euronews.al/al,2,16,0,0,0
2020-07-06 19:47:01 INFO  Main:183 - https://www.euronews.com/european-affairs/european-news,5,11,0,0,0
2020-07-06 19:47:01 INFO  Main:183 - https://de.euronews.com,8,1,0,0,0
2020-07-06 19:47:01 INFO  Main:183 - https://gr.euronews.com,2,7,0,0,0
2020-07-06 19:47:01 INFO  Main:183 - https://fr.euronews.com,7,1,0,0,0
2020-07-06 19:47:01 INFO  Main:183 - https://it.euronews.com,7,0,1,0,0
2020-07-06 19:47:01 INFO  Main:183 - https://es.euronews.com,4,3,0,0,0
2020-07-06 19:47:01 INFO  Main:35 - Generalized data: 10
2020-07-06 19:47:01 INFO  Main:1510 - https://www.euronews.com/,74,107,10,0,0,191
2020-07-06 19:47:01 INFO  Main:1510 - Coronavirus - 74 hits
2020-07-06 19:47:01 INFO  Main:1510 - COVID-19 - 107 hits
2020-07-06 19:47:01 INFO  Main:1510 - Trump - 10 hits
2020-07-06 19:47:01 INFO  Main:1510 - Lukashenko - 0 hits
2020-07-06 19:47:01 INFO  Main:1510 - Belarus - 0 hits
2020-07-06 19:47:01 INFO  Main:1510 - Total - 191 hits
2020-07-06 19:48:07 INFO  Main:17 - Starting a crawl
2020-07-06 19:48:09 INFO  WebCrawler:121 - Depth: 1, Quantity pages: 1
2020-07-06 19:48:09 INFO  WebCrawler:121 - Depth: 2, Quantity pages: 2
2020-07-06 19:48:09 INFO  WebCrawler:121 - Depth: 2, Quantity pages: 3
2020-07-06 19:48:09 INFO  WebCrawler:121 - Depth: 2, Quantity pages: 4
2020-07-06 19:48:10 INFO  WebCrawler:121 - Depth: 2, Quantity pages: 5
2020-07-06 19:48:11 INFO  WebCrawler:121 - Depth: 2, Quantity pages: 6
2020-07-06 19:48:13 INFO  WebCrawler:121 - Depth: 2, Quantity pages: 7
2020-07-06 19:48:13 INFO  WebCrawler:121 - Depth: 2, Quantity pages: 8
2020-07-06 19:48:14 INFO  WebCrawler:121 - Depth: 2, Quantity pages: 9
2020-07-06 19:48:14 INFO  WebCrawler:121 - Depth: 2, Quantity pages: 10
2020-07-06 19:48:15 INFO  WebCrawler:121 - Depth: 2, Quantity pages: 11
2020-07-06 19:48:16 INFO  WebCrawler:121 - Depth: 2, Quantity pages: 12
2020-07-06 19:48:16 INFO  WebCrawler:121 - Depth: 2, Quantity pages: 13
2020-07-06 19:48:16 INFO  WebCrawler:121 - Depth: 2, Quantity pages: 14
2020-07-06 19:48:17 INFO  WebCrawler:121 - Depth: 2, Quantity pages: 15
2020-07-06 19:48:17 INFO  WebCrawler:121 - Depth: 2, Quantity pages: 16
2020-07-06 19:48:18 INFO  WebCrawler:121 - Depth: 2, Quantity pages: 17
2020-07-06 19:48:18 INFO  WebCrawler:121 - Depth: 2, Quantity pages: 18
2020-07-06 19:48:18 INFO  WebCrawler:121 - Depth: 2, Quantity pages: 19
2020-07-06 19:48:18 INFO  WebCrawler:121 - Depth: 2, Quantity pages: 20
2020-07-06 19:48:18 INFO  Main:21 - The crawl is complete
2020-07-06 19:48:18 INFO  CsvUtil:25 - File creation: allStatistic.csv
2020-07-06 19:48:18 INFO  CsvUtil:35 - File created
2020-07-06 19:48:18 INFO  CsvUtil:37 - Recording allData to allStatistic.csv
2020-07-06 19:48:18 INFO  CsvUtil:42 - The recording is completed
2020-07-06 19:48:18 INFO  CsvUtil:25 - File creation: sortStatistic.csv
2020-07-06 19:48:18 INFO  CsvUtil:35 - File created
2020-07-06 19:48:18 INFO  CsvUtil:37 - Recording allData to sortStatistic.csv
2020-07-06 19:48:18 INFO  CsvUtil:42 - The recording is completed
2020-07-06 19:48:18 INFO  Main:27 - Depth: 2
2020-07-06 19:48:18 INFO  Main:28 - Quantity page: 20
2020-07-06 19:48:18 INFO  Main:30 - Top hits: 10
2020-07-06 19:48:18 INFO  Main:183 - https://www.euronews.com/,8,17,2,0,0
2020-07-06 19:48:18 INFO  Main:183 - https://www.euronews.com,8,17,2,0,0
2020-07-06 19:48:18 INFO  Main:183 - https://www.euronews.com/news/international,6,14,2,0,0
2020-07-06 19:48:18 INFO  Main:183 - https://www.euronews.al/al,2,16,0,0,0
2020-07-06 19:48:18 INFO  Main:183 - https://www.euronews.com/european-affairs/european-news,5,11,0,0,0
2020-07-06 19:48:18 INFO  Main:183 - https://de.euronews.com,8,1,0,0,0
2020-07-06 19:48:18 INFO  Main:183 - https://gr.euronews.com,2,7,0,0,0
2020-07-06 19:48:18 INFO  Main:183 - https://fr.euronews.com,7,1,0,0,0
2020-07-06 19:48:18 INFO  Main:183 - https://it.euronews.com,7,0,1,0,0
2020-07-06 19:48:18 INFO  Main:183 - https://es.euronews.com,4,3,0,0,0
2020-07-06 19:48:18 INFO  Main:35 - Generalized data: 10
2020-07-06 19:48:18 INFO  Main:1510 - https://www.euronews.com/,74,107,10,0,0,191
2020-07-06 19:48:18 INFO  Main:1510 - Coronavirus - 74 hits
2020-07-06 19:48:18 INFO  Main:1510 - COVID-19 - 107 hits
2020-07-06 19:48:18 INFO  Main:1510 - Trump - 10 hits
2020-07-06 19:48:18 INFO  Main:1510 - Lukashenko - 0 hits
2020-07-06 19:48:18 INFO  Main:1510 - Belarus - 0 hits
2020-07-06 19:48:18 INFO  Main:1510 - Total - 191 hits
2020-07-06 19:53:06 INFO  Main:17 - Starting a crawl
2020-07-06 19:53:07 INFO  WebCrawler:121 - Depth: 1, Quantity pages: 1
2020-07-06 19:53:07 INFO  WebCrawler:121 - Depth: 2, Quantity pages: 2
2020-07-06 19:53:07 INFO  WebCrawler:121 - Depth: 2, Quantity pages: 3
2020-07-06 19:53:07 INFO  WebCrawler:121 - Depth: 2, Quantity pages: 4
2020-07-06 19:53:08 INFO  WebCrawler:121 - Depth: 2, Quantity pages: 5
2020-07-06 19:53:08 INFO  WebCrawler:121 - Depth: 2, Quantity pages: 6
2020-07-06 19:53:10 INFO  WebCrawler:121 - Depth: 2, Quantity pages: 7
2020-07-06 19:53:10 INFO  WebCrawler:121 - Depth: 2, Quantity pages: 8
2020-07-06 19:53:11 INFO  WebCrawler:121 - Depth: 2, Quantity pages: 9
2020-07-06 19:53:13 INFO  WebCrawler:121 - Depth: 2, Quantity pages: 10
2020-07-06 19:53:13 INFO  WebCrawler:121 - Depth: 2, Quantity pages: 11
2020-07-06 19:53:14 INFO  WebCrawler:121 - Depth: 2, Quantity pages: 12
2020-07-06 19:53:14 INFO  WebCrawler:121 - Depth: 2, Quantity pages: 13
2020-07-06 19:53:14 INFO  WebCrawler:121 - Depth: 2, Quantity pages: 14
2020-07-06 19:53:15 INFO  WebCrawler:121 - Depth: 2, Quantity pages: 15
2020-07-06 19:53:15 INFO  WebCrawler:121 - Depth: 2, Quantity pages: 16
2020-07-06 19:53:16 INFO  WebCrawler:121 - Depth: 2, Quantity pages: 17
2020-07-06 19:53:16 INFO  WebCrawler:121 - Depth: 2, Quantity pages: 18
2020-07-06 19:53:18 INFO  WebCrawler:121 - Depth: 2, Quantity pages: 19
2020-07-06 19:53:18 INFO  WebCrawler:121 - Depth: 2, Quantity pages: 20
2020-07-06 19:53:18 INFO  Main:21 - The crawl is complete
2020-07-06 19:53:18 INFO  CsvUtil:25 - File creation: allStatistic.csv
2020-07-06 19:53:18 INFO  CsvUtil:35 - File created
2020-07-06 19:53:18 INFO  CsvUtil:37 - Recording allData to allStatistic.csv
2020-07-06 19:53:18 INFO  CsvUtil:42 - The recording is completed
2020-07-06 19:53:18 INFO  CsvUtil:25 - File creation: sortStatistic.csv
2020-07-06 19:53:18 INFO  CsvUtil:35 - File created
2020-07-06 19:53:18 INFO  CsvUtil:37 - Recording allData to sortStatistic.csv
2020-07-06 19:53:18 INFO  CsvUtil:42 - The recording is completed
2020-07-06 19:53:18 INFO  Main:27 - Depth: 2
2020-07-06 19:53:18 INFO  Main:28 - Quantity page: 20
2020-07-06 19:53:18 INFO  Main:30 - Top hits: 10
2020-07-06 19:53:19 INFO  Main:183 - https://www.euronews.com/,8,17,2,0,0
2020-07-06 19:53:19 INFO  Main:183 - https://www.euronews.com,8,17,2,0,0
2020-07-06 19:53:19 INFO  Main:183 - https://www.euronews.com/news/international,6,14,2,0,0
2020-07-06 19:53:19 INFO  Main:183 - https://www.euronews.al/al,2,16,0,0,0
2020-07-06 19:53:19 INFO  Main:183 - https://www.euronews.com/european-affairs/european-news,5,11,0,0,0
2020-07-06 19:53:19 INFO  Main:183 - https://de.euronews.com,8,1,0,0,0
2020-07-06 19:53:19 INFO  Main:183 - https://gr.euronews.com,2,7,0,0,0
2020-07-06 19:53:19 INFO  Main:183 - https://fr.euronews.com,7,1,0,0,0
2020-07-06 19:53:19 INFO  Main:183 - https://it.euronews.com,7,0,1,0,0
2020-07-06 19:53:19 INFO  Main:183 - https://es.euronews.com,4,3,0,0,0
2020-07-06 19:53:19 INFO  Main:35 - Generalized data: 10
2020-07-06 19:53:19 INFO  Main:1510 - https://www.euronews.com/,74,107,10,0,0,191
2020-07-06 19:53:19 INFO  Main:1510 - Coronavirus - 74 hits
2020-07-06 19:53:19 INFO  Main:1510 - COVID-19 - 107 hits
2020-07-06 19:53:19 INFO  Main:1510 - Trump - 10 hits
2020-07-06 19:53:19 INFO  Main:1510 - Lukashenko - 0 hits
2020-07-06 19:53:19 INFO  Main:1510 - Belarus - 0 hits
2020-07-06 19:53:19 INFO  Main:1510 - Total - 191 hits
2020-07-06 20:03:31 INFO  Main:18 - Starting a crawl
2020-07-06 20:03:32 INFO  WebCrawler:121 - Depth: 1, Quantity pages: 1
2020-07-06 20:03:32 INFO  WebCrawler:121 - Depth: 2, Quantity pages: 2
2020-07-06 20:03:32 INFO  WebCrawler:121 - Depth: 2, Quantity pages: 3
2020-07-06 20:03:33 INFO  WebCrawler:121 - Depth: 2, Quantity pages: 4
2020-07-06 20:03:33 INFO  WebCrawler:121 - Depth: 2, Quantity pages: 5
2020-07-06 20:03:33 INFO  WebCrawler:121 - Depth: 2, Quantity pages: 6
2020-07-06 20:03:34 INFO  WebCrawler:121 - Depth: 2, Quantity pages: 7
2020-07-06 20:03:34 INFO  WebCrawler:121 - Depth: 2, Quantity pages: 8
2020-07-06 20:03:38 INFO  WebCrawler:121 - Depth: 2, Quantity pages: 9
2020-07-06 20:03:40 INFO  WebCrawler:121 - Depth: 2, Quantity pages: 10
2020-07-06 20:03:40 INFO  WebCrawler:121 - Depth: 2, Quantity pages: 11
2020-07-06 20:03:40 INFO  WebCrawler:121 - Depth: 2, Quantity pages: 12
2020-07-06 20:03:41 INFO  WebCrawler:121 - Depth: 2, Quantity pages: 13
2020-07-06 20:03:41 INFO  WebCrawler:121 - Depth: 2, Quantity pages: 14
2020-07-06 20:03:42 INFO  WebCrawler:121 - Depth: 2, Quantity pages: 15
2020-07-06 20:03:43 INFO  WebCrawler:121 - Depth: 2, Quantity pages: 16
2020-07-06 20:03:43 INFO  WebCrawler:121 - Depth: 2, Quantity pages: 17
2020-07-06 20:03:43 INFO  WebCrawler:121 - Depth: 2, Quantity pages: 18
2020-07-06 20:03:48 INFO  WebCrawler:121 - Depth: 2, Quantity pages: 19
2020-07-06 20:03:49 INFO  WebCrawler:121 - Depth: 2, Quantity pages: 20
2020-07-06 20:03:49 INFO  Main:22 - The crawl is complete
2020-07-06 20:03:49 INFO  CsvUtil:26 - File creation: allStatistic.csv
2020-07-06 20:03:49 INFO  CsvUtil:39 - File created
2020-07-06 20:03:49 INFO  CsvUtil:41 - Recording allData to allStatistic.csv
2020-07-06 20:03:49 INFO  CsvUtil:46 - The recording is completed
2020-07-06 20:03:49 INFO  CsvUtil:26 - File creation: sortStatistic.csv
2020-07-06 20:03:49 INFO  CsvUtil:39 - File created
2020-07-06 20:03:49 INFO  CsvUtil:41 - Recording allData to sortStatistic.csv
2020-07-06 20:03:49 INFO  CsvUtil:46 - The recording is completed
2020-07-06 20:03:49 INFO  Main:28 - Depth: 2
2020-07-06 20:03:49 INFO  Main:29 - Quantity page: 20
2020-07-06 20:03:49 INFO  Main:31 - Top hits: 10
2020-07-06 20:03:49 INFO  Main:183 - https://www.euronews.com/,8,17,2,0,0
2020-07-06 20:03:49 INFO  Main:183 - https://www.euronews.com,8,17,2,0,0
2020-07-06 20:03:49 INFO  Main:183 - https://www.euronews.com/news/international,6,14,2,0,0
2020-07-06 20:03:49 INFO  Main:183 - https://www.euronews.al/al,2,16,0,0,0
2020-07-06 20:03:49 INFO  Main:183 - https://www.euronews.com/european-affairs/european-news,5,11,0,0,0
2020-07-06 20:03:49 INFO  Main:183 - https://de.euronews.com,8,1,0,0,0
2020-07-06 20:03:49 INFO  Main:183 - https://gr.euronews.com,2,7,0,0,0
2020-07-06 20:03:49 INFO  Main:183 - https://fr.euronews.com,7,1,0,0,0
2020-07-06 20:03:49 INFO  Main:183 - https://it.euronews.com,7,0,1,0,0
2020-07-06 20:03:49 INFO  Main:183 - https://es.euronews.com,4,3,0,0,0
2020-07-06 20:03:49 INFO  Main:36 - Generalized data: 10
2020-07-06 20:03:49 INFO  Main:1510 - https://www.euronews.com/,74,107,10,0,0,191
2020-07-06 20:03:49 INFO  Main:1510 - Coronavirus - 74 hits
2020-07-06 20:03:49 INFO  Main:1510 - COVID-19 - 107 hits
2020-07-06 20:03:49 INFO  Main:1510 - Trump - 10 hits
2020-07-06 20:03:49 INFO  Main:1510 - Lukashenko - 0 hits
2020-07-06 20:03:49 INFO  Main:1510 - Belarus - 0 hits
2020-07-06 20:03:49 INFO  Main:1510 - Total - 191 hits
2020-07-06 20:05:38 INFO  Main:18 - Starting a crawl
2020-07-06 20:05:41 INFO  WebCrawler:121 - Depth: 1, Quantity pages: 1
2020-07-06 20:05:41 INFO  WebCrawler:121 - Depth: 2, Quantity pages: 2
2020-07-06 20:05:41 INFO  WebCrawler:121 - Depth: 2, Quantity pages: 3
2020-07-06 20:05:41 INFO  WebCrawler:121 - Depth: 2, Quantity pages: 4
2020-07-06 20:05:42 INFO  WebCrawler:121 - Depth: 2, Quantity pages: 5
2020-07-06 20:05:42 INFO  WebCrawler:121 - Depth: 2, Quantity pages: 6
2020-07-06 20:05:42 INFO  WebCrawler:121 - Depth: 2, Quantity pages: 7
2020-07-06 20:05:43 INFO  WebCrawler:121 - Depth: 2, Quantity pages: 8
2020-07-06 20:05:43 INFO  WebCrawler:121 - Depth: 2, Quantity pages: 9
2020-07-06 20:05:43 INFO  WebCrawler:121 - Depth: 2, Quantity pages: 10
2020-07-06 20:05:45 INFO  WebCrawler:121 - Depth: 2, Quantity pages: 11
2020-07-06 20:05:45 INFO  WebCrawler:121 - Depth: 2, Quantity pages: 12
2020-07-06 20:05:45 INFO  WebCrawler:121 - Depth: 2, Quantity pages: 13
2020-07-06 20:05:46 INFO  WebCrawler:121 - Depth: 2, Quantity pages: 14
2020-07-06 20:05:46 INFO  WebCrawler:121 - Depth: 2, Quantity pages: 15
2020-07-06 20:05:46 INFO  WebCrawler:121 - Depth: 2, Quantity pages: 16
2020-07-06 20:05:47 INFO  WebCrawler:121 - Depth: 2, Quantity pages: 17
2020-07-06 20:05:47 INFO  WebCrawler:121 - Depth: 2, Quantity pages: 18
2020-07-06 20:05:47 INFO  WebCrawler:121 - Depth: 2, Quantity pages: 19
2020-07-06 20:05:47 INFO  WebCrawler:121 - Depth: 2, Quantity pages: 20
2020-07-06 20:05:47 INFO  Main:22 - The crawl is complete
2020-07-06 20:05:47 INFO  CsvUtil:26 - File creation: allStatistic.csv
2020-07-06 20:05:47 INFO  CsvUtil:39 - File created
2020-07-06 20:05:47 INFO  CsvUtil:41 - Recording allData to allStatistic.csv
2020-07-06 20:05:47 INFO  CsvUtil:46 - The recording is completed
2020-07-06 20:05:47 INFO  CsvUtil:26 - File creation: sortStatistic.csv
2020-07-06 20:05:47 INFO  CsvUtil:39 - File created
2020-07-06 20:05:47 INFO  CsvUtil:41 - Recording allData to sortStatistic.csv
2020-07-06 20:05:47 INFO  CsvUtil:46 - The recording is completed
2020-07-06 20:05:47 INFO  Main:28 - Depth: 2
2020-07-06 20:05:47 INFO  Main:29 - Quantity page: 20
2020-07-06 20:05:47 INFO  Main:31 - Top hits 10:
2020-07-06 20:05:47 INFO  Main:183 - https://www.euronews.com/,8,17,2,0,0
2020-07-06 20:05:47 INFO  Main:183 - https://www.euronews.com,8,17,2,0,0
2020-07-06 20:05:47 INFO  Main:183 - https://www.euronews.com/news/international,6,14,2,0,0
2020-07-06 20:05:47 INFO  Main:183 - https://www.euronews.al/al,2,16,0,0,0
2020-07-06 20:05:47 INFO  Main:183 - https://www.euronews.com/european-affairs/european-news,5,11,0,0,0
2020-07-06 20:05:47 INFO  Main:183 - https://de.euronews.com,8,1,0,0,0
2020-07-06 20:05:47 INFO  Main:183 - https://gr.euronews.com,2,7,0,0,0
2020-07-06 20:05:47 INFO  Main:183 - https://fr.euronews.com,7,1,0,0,0
2020-07-06 20:05:47 INFO  Main:183 - https://it.euronews.com,7,0,1,0,0
2020-07-06 20:05:47 INFO  Main:183 - https://es.euronews.com,4,3,0,0,0
2020-07-06 20:05:47 INFO  Main:36 - Generalized data:
2020-07-06 20:05:47 INFO  Main:1510 - https://www.euronews.com/,74,107,10,0,0,191
2020-07-06 20:05:47 INFO  Main:1510 - Coronavirus - 74 hits
2020-07-06 20:05:47 INFO  Main:1510 - COVID-19 - 107 hits
2020-07-06 20:05:47 INFO  Main:1510 - Trump - 10 hits
2020-07-06 20:05:47 INFO  Main:1510 - Lukashenko - 0 hits
2020-07-06 20:05:47 INFO  Main:1510 - Belarus - 0 hits
2020-07-06 20:05:47 INFO  Main:1510 - Total - 191 hits
2020-07-06 20:09:58 INFO  Main:18 - Starting a crawl
2020-07-06 20:10:00 INFO  WebCrawler:121 - Depth: 1, Quantity pages: 1
2020-07-06 20:10:00 INFO  WebCrawler:121 - Depth: 2, Quantity pages: 2
2020-07-06 20:10:00 INFO  WebCrawler:121 - Depth: 2, Quantity pages: 3
2020-07-06 20:10:01 INFO  WebCrawler:121 - Depth: 2, Quantity pages: 4
2020-07-06 20:10:01 INFO  WebCrawler:121 - Depth: 2, Quantity pages: 5
2020-07-06 20:10:01 INFO  WebCrawler:121 - Depth: 2, Quantity pages: 6
2020-07-06 20:10:04 INFO  WebCrawler:121 - Depth: 2, Quantity pages: 7
2020-07-06 20:10:04 INFO  WebCrawler:121 - Depth: 2, Quantity pages: 8
2020-07-06 20:10:04 INFO  WebCrawler:121 - Depth: 2, Quantity pages: 9
2020-07-06 20:10:05 INFO  WebCrawler:121 - Depth: 2, Quantity pages: 10
2020-07-06 20:10:05 INFO  WebCrawler:121 - Depth: 2, Quantity pages: 11
2020-07-06 20:10:05 INFO  WebCrawler:121 - Depth: 2, Quantity pages: 12
2020-07-06 20:10:05 INFO  WebCrawler:121 - Depth: 2, Quantity pages: 13
2020-07-06 20:10:06 INFO  WebCrawler:121 - Depth: 2, Quantity pages: 14
2020-07-06 20:10:06 INFO  WebCrawler:121 - Depth: 2, Quantity pages: 15
2020-07-06 20:10:06 INFO  WebCrawler:121 - Depth: 2, Quantity pages: 16
2020-07-06 20:10:07 INFO  WebCrawler:121 - Depth: 2, Quantity pages: 17
2020-07-06 20:10:07 INFO  WebCrawler:121 - Depth: 2, Quantity pages: 18
2020-07-06 20:10:07 INFO  WebCrawler:121 - Depth: 2, Quantity pages: 19
2020-07-06 20:10:07 INFO  WebCrawler:121 - Depth: 2, Quantity pages: 20
2020-07-06 20:10:07 INFO  Main:22 - The crawl is complete
2020-07-06 20:10:07 INFO  CsvUtil:26 - File creation: allStatistic.csv
2020-07-06 20:10:07 INFO  CsvUtil:39 - File created
2020-07-06 20:10:07 INFO  CsvUtil:41 - Recording allData to allStatistic.csv
2020-07-06 20:10:07 INFO  CsvUtil:46 - The recording is completed
2020-07-06 20:10:07 INFO  CsvUtil:26 - File creation: sortStatistic.csv
2020-07-06 20:10:07 INFO  CsvUtil:39 - File created
2020-07-06 20:10:07 INFO  CsvUtil:41 - Recording allData to sortStatistic.csv
2020-07-06 20:10:07 INFO  CsvUtil:46 - The recording is completed
2020-07-06 20:10:07 INFO  Main:28 - Depth: 2
2020-07-06 20:10:07 INFO  Main:29 - Quantity page: 20
2020-07-06 20:10:07 INFO  Main:31 - Top 10 links by hits:
2020-07-06 20:10:07 INFO  Main:183 - https://www.euronews.com/,8,17,2,0,0
2020-07-06 20:10:07 INFO  Main:183 - https://www.euronews.com,8,17,2,0,0
2020-07-06 20:10:07 INFO  Main:183 - https://www.euronews.com/news/international,6,14,2,0,0
2020-07-06 20:10:07 INFO  Main:183 - https://www.euronews.al/al,2,16,0,0,0
2020-07-06 20:10:07 INFO  Main:183 - https://www.euronews.com/european-affairs/european-news,5,11,0,0,0
2020-07-06 20:10:07 INFO  Main:183 - https://de.euronews.com,8,1,0,0,0
2020-07-06 20:10:07 INFO  Main:183 - https://gr.euronews.com,2,7,0,0,0
2020-07-06 20:10:07 INFO  Main:183 - https://fr.euronews.com,7,1,0,0,0
2020-07-06 20:10:07 INFO  Main:183 - https://it.euronews.com,7,0,1,0,0
2020-07-06 20:10:07 INFO  Main:183 - https://es.euronews.com,4,3,0,0,0
2020-07-06 20:10:07 INFO  Main:36 - Generalized data:
2020-07-06 20:10:07 INFO  Main:1510 - https://www.euronews.com/,74,107,10,0,0,191
2020-07-06 20:10:07 INFO  Main:1510 - Coronavirus - 74 hits
2020-07-06 20:10:07 INFO  Main:1510 - COVID-19 - 107 hits
2020-07-06 20:10:07 INFO  Main:1510 - Trump - 10 hits
2020-07-06 20:10:07 INFO  Main:1510 - Lukashenko - 0 hits
2020-07-06 20:10:07 INFO  Main:1510 - Belarus - 0 hits
2020-07-06 20:10:07 INFO  Main:1510 - Total - 191 hits
2020-07-06 20:10:48 INFO  Main:18 - Starting a crawl
2020-07-06 20:10:49 INFO  WebCrawler:121 - Depth: 1, Quantity pages: 1
2020-07-06 20:10:49 INFO  WebCrawler:121 - Depth: 2, Quantity pages: 2
2020-07-06 20:10:50 INFO  WebCrawler:121 - Depth: 2, Quantity pages: 3
2020-07-06 20:10:50 INFO  WebCrawler:121 - Depth: 2, Quantity pages: 4
2020-07-06 20:10:50 INFO  WebCrawler:121 - Depth: 2, Quantity pages: 5
2020-07-06 20:10:52 INFO  WebCrawler:121 - Depth: 2, Quantity pages: 6
2020-07-06 20:10:52 INFO  WebCrawler:121 - Depth: 2, Quantity pages: 7
2020-07-06 20:10:52 INFO  WebCrawler:121 - Depth: 2, Quantity pages: 8
2020-07-06 20:10:52 INFO  WebCrawler:121 - Depth: 2, Quantity pages: 9
2020-07-06 20:10:53 INFO  WebCrawler:121 - Depth: 2, Quantity pages: 10
2020-07-06 20:10:53 INFO  WebCrawler:121 - Depth: 2, Quantity pages: 11
2020-07-06 20:10:53 INFO  WebCrawler:121 - Depth: 2, Quantity pages: 12
2020-07-06 20:10:54 INFO  WebCrawler:121 - Depth: 2, Quantity pages: 13
2020-07-06 20:10:55 INFO  WebCrawler:121 - Depth: 2, Quantity pages: 14
2020-07-06 20:10:55 INFO  WebCrawler:121 - Depth: 2, Quantity pages: 15
2020-07-06 20:10:55 INFO  WebCrawler:121 - Depth: 2, Quantity pages: 16
2020-07-06 20:10:55 INFO  WebCrawler:121 - Depth: 2, Quantity pages: 17
2020-07-06 20:10:55 INFO  WebCrawler:121 - Depth: 2, Quantity pages: 18
2020-07-06 20:10:55 INFO  WebCrawler:121 - Depth: 2, Quantity pages: 19
2020-07-06 20:10:55 INFO  WebCrawler:121 - Depth: 2, Quantity pages: 20
2020-07-06 20:10:55 INFO  Main:22 - The crawl is complete
2020-07-06 20:10:55 INFO  CsvUtil:26 - File creation: allStatistic.csv
2020-07-06 20:10:55 INFO  CsvUtil:39 - File created
2020-07-06 20:10:55 INFO  CsvUtil:41 - Recording allData to allStatistic.csv
2020-07-06 20:10:56 INFO  CsvUtil:46 - The recording is completed
2020-07-06 20:10:56 INFO  CsvUtil:26 - File creation: sortStatistic.csv
2020-07-06 20:10:56 INFO  CsvUtil:39 - File created
2020-07-06 20:10:56 INFO  CsvUtil:41 - Recording allData to sortStatistic.csv
2020-07-06 20:10:56 INFO  CsvUtil:46 - The recording is completed
2020-07-06 20:10:56 INFO  Main:28 - Depth: 2
2020-07-06 20:10:56 INFO  Main:29 - Quantity page: 20
2020-07-06 20:10:56 INFO  Main:31 - Top 10 links by hits:
2020-07-06 20:10:56 INFO  Main:183 - https://www.euronews.com/,8,17,2,0,0
2020-07-06 20:10:56 INFO  Main:183 - https://www.euronews.com,8,17,2,0,0
2020-07-06 20:10:56 INFO  Main:183 - https://www.euronews.com/news/international,6,14,2,0,0
2020-07-06 20:10:56 INFO  Main:183 - https://www.euronews.al/al,2,16,0,0,0
2020-07-06 20:10:56 INFO  Main:183 - https://www.euronews.com/european-affairs/european-news,5,11,0,0,0
2020-07-06 20:10:56 INFO  Main:183 - https://de.euronews.com,8,1,0,0,0
2020-07-06 20:10:56 INFO  Main:183 - https://gr.euronews.com,2,7,0,0,0
2020-07-06 20:10:56 INFO  Main:183 - https://fr.euronews.com,7,1,0,0,0
2020-07-06 20:10:56 INFO  Main:183 - https://it.euronews.com,7,0,1,0,0
2020-07-06 20:10:56 INFO  Main:183 - https://es.euronews.com,4,3,0,0,0
2020-07-06 20:10:56 INFO  Main:36 - Generalized data:
2020-07-06 20:10:56 INFO  Main:1510 - https://www.euronews.com/,74,107,10,0,0,191
2020-07-06 20:10:56 INFO  Main:1510 - Coronavirus - 74 hits
2020-07-06 20:10:56 INFO  Main:1510 - COVID-19 - 107 hits
2020-07-06 20:10:56 INFO  Main:1510 - Trump - 10 hits
2020-07-06 20:10:56 INFO  Main:1510 - Lukashenko - 0 hits
2020-07-06 20:10:56 INFO  Main:1510 - Belarus - 0 hits
2020-07-06 20:10:56 INFO  Main:1510 - Total - 191 hits
